2020-01-15 14:24:10 -  - exec CUpdateClient::GetUpdatesList
2020-01-15 14:24:10 -  - exec CUpdateClient::CollectRequestData
2020-01-15 14:24:10 -  - LICENSE_KEY=X&lang=ru&SUPD_VER=20.0.0&VERSION=20.0.0&TYPENC=D&SUPD_STS=1&SUPD_URS=0&SUPD_DBS=MYSQL&XE=N&CLIENT_SITE=forms-rusrobotics-bitrix.test&CHHB=forms-rusrobotics-bitrix.test&CSAB=127.0.0.1&SUID=3f83d11e83c8178197e17c0d4671583d&CANGZIP=Y&CLIENT_PHPVER=7.2.19&stable=Y&NGINX=Y&SMD=N&rerere=Y&bitm_main=20.0.0&bitm_b24connector=18.5.0&bitm_bitrixcloud=18.5.0&bitm_blog=19.0.100&bitm_clouds=19.0.0&bitm_compression=19.0.0&bitm_fileman=18.5.500&bitm_form=18.0.0&bitm_forum=19.0.0&bitm_highloadblock=19.0.0&bitm_iblock=18.6.1000&bitm_landing=19.0.175&bitm_messageservice=19.0.0&bitm_mobileapp=19.0.100&bitm_perfmon=18.5.0&bitm_photogallery=18.0.0&bitm_rest=18.5.162&bitm_scale=17.5.0&bitm_search=18.5.200&bitm_security=19.0.0&bitm_seo=19.0.800&bitm_socialservices=19.0.0&bitm_subscribe=18.5.0&bitm_translate=18.0.100&bitm_ui=19.0.400&bitm_vote=18.5.200&bitl_en=&bitl_ru=&SUPD_SRS=RU&SUPD_CMP=N&SALE_15=Y&LICENSE_SIGNED=%7Enew_license18_0_sign-N
2020-01-15 14:24:10 -  - exec CUpdateClient::GetHTTPPage
2020-01-15 14:24:10 -  - TIME GetUpdatesList(request) 0.357 sec
2020-01-15 14:24:10 -  - exec CUpdateClient::ParseServerData
2020-01-15 14:25:06 -  - exec CUpdateClient::GetUpdatesList
2020-01-15 14:25:06 -  - exec CUpdateClient::CollectRequestData
2020-01-15 14:25:06 -  - LICENSE_KEY=X&lang=ru&SUPD_VER=20.0.0&VERSION=20.0.0&TYPENC=D&SUPD_STS=1&SUPD_URS=0&SUPD_DBS=MYSQL&XE=N&CLIENT_SITE=forms-rusrobotics-bitrix.test&CHHB=forms-rusrobotics-bitrix.test&CSAB=127.0.0.1&SUID=3f83d11e83c8178197e17c0d4671583d&CANGZIP=Y&CLIENT_PHPVER=7.2.19&stable=Y&NGINX=Y&SMD=N&rerere=Y&bitm_main=20.0.0&bitm_b24connector=18.5.0&bitm_bitrixcloud=18.5.0&bitm_blog=19.0.100&bitm_clouds=19.0.0&bitm_compression=19.0.0&bitm_fileman=18.5.500&bitm_form=18.0.0&bitm_forum=19.0.0&bitm_highloadblock=19.0.0&bitm_iblock=18.6.1000&bitm_landing=19.0.175&bitm_messageservice=19.0.0&bitm_mobileapp=19.0.100&bitm_perfmon=18.5.0&bitm_photogallery=18.0.0&bitm_rest=18.5.162&bitm_scale=17.5.0&bitm_search=18.5.200&bitm_security=19.0.0&bitm_seo=19.0.800&bitm_socialservices=19.0.0&bitm_subscribe=18.5.0&bitm_translate=18.0.100&bitm_ui=19.0.400&bitm_vote=18.5.200&bitl_en=&bitl_ru=&SUPD_SRS=RU&SUPD_CMP=N&SALE_15=Y&LICENSE_SIGNED=%7Enew_license18_0_sign-Y
2020-01-15 14:25:06 -  - exec CUpdateClient::GetHTTPPage
2020-01-15 14:25:06 -  - TIME GetUpdatesList(request) 0.265 sec
2020-01-15 14:25:06 -  - exec CUpdateClient::ParseServerData
2020-01-15 14:25:11 -  - exec CUpdateClient::GetUpdatesList
2020-01-15 14:25:11 -  - exec CUpdateClient::CollectRequestData
2020-01-15 14:25:11 -  - LICENSE_KEY=X&lang=ru&SUPD_VER=20.0.0&VERSION=20.0.0&TYPENC=D&SUPD_STS=1&SUPD_URS=0&SUPD_DBS=MYSQL&XE=N&CLIENT_SITE=forms-rusrobotics-bitrix.test&CHHB=forms-rusrobotics-bitrix.test&CSAB=127.0.0.1&SUID=3f83d11e83c8178197e17c0d4671583d&CANGZIP=Y&CLIENT_PHPVER=7.2.19&stable=Y&NGINX=Y&SMD=N&rerere=Y&bitm_main=20.0.0&bitm_b24connector=18.5.0&bitm_bitrixcloud=18.5.0&bitm_blog=19.0.100&bitm_clouds=19.0.0&bitm_compression=19.0.0&bitm_fileman=18.5.500&bitm_form=18.0.0&bitm_forum=19.0.0&bitm_highloadblock=19.0.0&bitm_iblock=18.6.1000&bitm_landing=19.0.175&bitm_messageservice=19.0.0&bitm_mobileapp=19.0.100&bitm_perfmon=18.5.0&bitm_photogallery=18.0.0&bitm_rest=18.5.162&bitm_scale=17.5.0&bitm_search=18.5.200&bitm_security=19.0.0&bitm_seo=19.0.800&bitm_socialservices=19.0.0&bitm_subscribe=18.5.0&bitm_translate=18.0.100&bitm_ui=19.0.400&bitm_vote=18.5.200&bitl_en=&bitl_ru=&SUPD_SRS=RU&SUPD_CMP=N&SALE_15=Y&LICENSE_SIGNED=%7Enew_license18_0_sign-Y
2020-01-15 14:25:11 -  - exec CUpdateClient::GetHTTPPage
2020-01-15 14:25:12 -  - TIME GetUpdatesList(request) 0.297 sec
2020-01-15 14:25:12 -  - exec CUpdateClient::ParseServerData
2020-01-20 04:57:22 -  - exec CUpdateClient::GetUpdatesList
2020-01-20 04:57:22 -  - exec CUpdateClient::CollectRequestData
2020-01-20 04:57:22 -  - LICENSE_KEY=X&lang=ru&SUPD_VER=20.0.0&VERSION=20.0.0&TYPENC=D&SUPD_STS=1&SUPD_URS=0&SUPD_DBS=MYSQL&XE=N&CLIENT_SITE=forms-rusrobotics-bitrix.test&CHHB=forms-rusrobotics-bitrix.test&CSAB=127.0.0.1&SUID=3f83d11e83c8178197e17c0d4671583d&CANGZIP=Y&CLIENT_PHPVER=7.2.19&stable=Y&NGINX=Y&SMD=N&rerere=Y&bitm_main=20.0.0&bitm_b24connector=18.5.0&bitm_bitrixcloud=18.5.0&bitm_blog=19.0.100&bitm_clouds=19.0.0&bitm_compression=19.0.0&bitm_fileman=18.5.500&bitm_form=18.0.0&bitm_forum=19.0.0&bitm_highloadblock=19.0.0&bitm_iblock=18.6.1000&bitm_landing=19.0.175&bitm_messageservice=19.0.0&bitm_mobileapp=19.0.100&bitm_perfmon=18.5.0&bitm_photogallery=18.0.0&bitm_rest=18.5.162&bitm_scale=17.5.0&bitm_search=18.5.200&bitm_security=19.0.0&bitm_seo=19.0.800&bitm_socialservices=19.0.0&bitm_subscribe=18.5.0&bitm_translate=18.0.100&bitm_ui=19.0.400&bitm_vote=18.5.200&bitl_en=&bitl_ru=&SUPD_SRS=RU&SUPD_CMP=N&SALE_15=Y&LICENSE_SIGNED=%7Enew_license18_0_sign-Y
2020-01-20 04:57:22 -  - exec CUpdateClient::GetHTTPPage
2020-01-20 04:57:23 -  - TIME GetUpdatesList(request) 0.59 sec
2020-01-20 04:57:23 -  - exec CUpdateClient::ParseServerData
2020-01-20 05:13:39 -  - exec CUpdateClient::GetUpdatesList
2020-01-20 05:13:39 -  - exec CUpdateClient::CollectRequestData
2020-01-20 05:13:39 -  - LICENSE_KEY=X&lang=ru&SUPD_VER=20.0.0&VERSION=20.0.0&TYPENC=D&SUPD_STS=1&SUPD_URS=0&SUPD_DBS=MYSQL&XE=N&CLIENT_SITE=forms-rusrobotics-bitrix.test&CHHB=forms-rusrobotics-bitrix.test&CSAB=127.0.0.1&SUID=3f83d11e83c8178197e17c0d4671583d&CANGZIP=Y&CLIENT_PHPVER=7.2.19&stable=Y&NGINX=Y&SMD=N&rerere=Y&bitm_main=20.0.0&bitm_b24connector=18.5.0&bitm_bitrixcloud=18.5.0&bitm_blog=19.0.100&bitm_clouds=19.0.0&bitm_compression=19.0.0&bitm_fileman=18.5.500&bitm_form=18.0.0&bitm_forum=19.0.0&bitm_highloadblock=19.0.0&bitm_iblock=18.6.1000&bitm_landing=19.0.175&bitm_messageservice=19.0.0&bitm_mobileapp=19.0.100&bitm_perfmon=18.5.0&bitm_photogallery=18.0.0&bitm_rest=18.5.162&bitm_scale=17.5.0&bitm_search=18.5.200&bitm_security=19.0.0&bitm_seo=19.0.800&bitm_socialservices=19.0.0&bitm_subscribe=18.5.0&bitm_translate=18.0.100&bitm_ui=19.0.400&bitm_vote=18.5.200&bitl_en=&bitl_ru=&SUPD_SRS=RU&SUPD_CMP=N&SALE_15=Y&LICENSE_SIGNED=%7Enew_license18_0_sign-Y
2020-01-20 05:13:39 -  - exec CUpdateClient::GetHTTPPage
2020-01-20 05:13:39 -  - TIME GetUpdatesList(request) 0.364 sec
2020-01-20 05:13:39 -  - exec CUpdateClient::ParseServerData
2020-01-30 12:46:05 -  - exec CUpdateClient::GetUpdatesList
2020-01-30 12:46:05 -  - exec CUpdateClient::CollectRequestData
2020-01-30 12:46:05 -  - LICENSE_KEY=X&lang=ru&SUPD_VER=20.0.0&VERSION=20.0.0&TYPENC=D&SUPD_STS=1&SUPD_URS=0&SUPD_DBS=MYSQL&XE=N&CLIENT_SITE=forms-rusrobotics-bitrix.test&CHHB=forms-rusrobotics-bitrix.test&CSAB=127.0.0.1&SUID=3f83d11e83c8178197e17c0d4671583d&CANGZIP=Y&CLIENT_PHPVER=7.2.19&stable=Y&NGINX=Y&SMD=N&rerere=Y&bitm_main=20.0.0&bitm_b24connector=18.5.0&bitm_bitrixcloud=18.5.0&bitm_blog=19.0.100&bitm_clouds=19.0.0&bitm_compression=19.0.0&bitm_fileman=18.5.500&bitm_form=18.0.0&bitm_forum=19.0.0&bitm_highloadblock=19.0.0&bitm_iblock=18.6.1000&bitm_landing=19.0.175&bitm_messageservice=19.0.0&bitm_mobileapp=19.0.100&bitm_perfmon=18.5.0&bitm_photogallery=18.0.0&bitm_rest=18.5.162&bitm_scale=17.5.0&bitm_search=18.5.200&bitm_security=19.0.0&bitm_seo=19.0.800&bitm_socialservices=19.0.0&bitm_subscribe=18.5.0&bitm_translate=18.0.100&bitm_ui=19.0.400&bitm_vote=18.5.200&bitl_en=&bitl_ru=&SUPD_SRS=RU&SUPD_CMP=N&SALE_15=Y&LICENSE_SIGNED=%7Enew_license18_0_sign-Y
2020-01-30 12:46:05 -  - exec CUpdateClient::GetHTTPPage
2020-01-30 12:46:05 -  - TIME GetUpdatesList(request) 0.427 sec
2020-01-30 12:46:05 -  - exec CUpdateClient::ParseServerData
2020-02-01 09:48:47 -  - exec CUpdateClient::GetUpdatesList
2020-02-01 09:48:47 -  - exec CUpdateClient::CollectRequestData
2020-02-01 09:48:47 -  - LICENSE_KEY=X&lang=ru&SUPD_VER=20.0.0&VERSION=20.0.0&TYPENC=D&SUPD_STS=1&SUPD_URS=0&SUPD_DBS=MYSQL&XE=N&CLIENT_SITE=forms-rusrobotics-bitrix.test&CHHB=forms-rusrobotics-bitrix.test&CSAB=127.0.0.1&SUID=3f83d11e83c8178197e17c0d4671583d&CANGZIP=Y&CLIENT_PHPVER=7.2.19&stable=Y&NGINX=Y&SMD=N&rerere=Y&bitm_main=20.0.0&bitm_b24connector=18.5.0&bitm_bitrixcloud=18.5.0&bitm_blog=19.0.100&bitm_clouds=19.0.0&bitm_compression=19.0.0&bitm_fileman=18.5.500&bitm_form=18.0.0&bitm_forum=19.0.0&bitm_highloadblock=19.0.0&bitm_iblock=18.6.1000&bitm_landing=19.0.175&bitm_messageservice=19.0.0&bitm_mobileapp=19.0.100&bitm_perfmon=18.5.0&bitm_photogallery=18.0.0&bitm_rest=18.5.162&bitm_scale=17.5.0&bitm_search=18.5.200&bitm_security=19.0.0&bitm_seo=19.0.800&bitm_socialservices=19.0.0&bitm_subscribe=18.5.0&bitm_translate=18.0.100&bitm_ui=19.0.400&bitm_vote=18.5.200&bitl_en=&bitl_ru=&SUPD_SRS=RU&SUPD_CMP=N&SALE_15=Y&LICENSE_SIGNED=%7Enew_license18_0_sign-Y
2020-02-01 09:48:47 -  - exec CUpdateClient::GetHTTPPage
2020-02-01 09:48:48 -  - TIME GetUpdatesList(request) 0.409 sec
2020-02-01 09:48:48 -  - exec CUpdateClient::ParseServerData
