2020-Feb-03 06:22:38 Наличие необходимых модулей php (check_php_modules): Ok
Все необходимые модули установлены
2020-Feb-03 06:22:38 Обязательные параметры PHP (check_php_settings): Ok
Настройки правильные
2020-Feb-03 06:22:38 Модули веб-сервера (check_security): Ok
Конфликтов не выявлено
2020-Feb-03 06:22:38 Значения переменных сервера (check_server_vars): Ok
Корректные
2020-Feb-03 06:22:39 Сохранение сессии (check_session): Ok
50% done
2020-Feb-03 06:22:39 Сохранение сессии (check_session): Ok
Успешно
2020-Feb-03 06:22:39 Параметры настройки UTF (mbstring и константа BX_UTF) (check_mbstring): Ok
Правильные. Сайт работает в UTF кодировке
2020-Feb-03 06:22:39 Служебные скрипты в корне сайта (check_install_scripts): Ok
Отсутствуют
2020-Feb-03 06:22:39 Работа с сокетами (check_socket): Ok
Connection to forms-rusrobotics-bitrix.test:80	Success

Успешно
2020-Feb-03 06:22:40 Выполнение агентов на cron (check_bx_crontab): Warning
Замечание. Агенты выполняются на хитах, рекомендуется перевести выполнение агентов на cron
2020-Feb-03 06:22:40 Параметры подключения к базе данных (check_dbconn_settings): Ok
Успешно
2020-Feb-03 06:22:40 Лишний вывод в файлах конфигурации (check_dbconn): Ok
Connection to forms-rusrobotics-bitrix.test:80	Success

Успешно
2020-Feb-03 06:22:40 Сохранение сессии без UserAgent (check_session_ua): Ok
50% done
Connection to forms-rusrobotics-bitrix.test:80	Success

2020-Feb-03 06:22:41 Сохранение сессии без UserAgent (check_session_ua): Ok
Connection to forms-rusrobotics-bitrix.test:80	Success

Успешно
2020-Feb-03 06:22:41 Настройки сайтов (check_sites): Ok
Правильные
2020-Feb-03 06:22:41 Передача объектов по ссылке (check_clone): Ok
Успешно
2020-Feb-03 06:22:41 Размер стека и pcre.recursion_limit (check_pcre_recursion): Warning
Connection to forms-rusrobotics-bitrix.test:80	Success

Замечание. Возможны проблемы в работе с длинными строками из-за системных ограничений
2020-Feb-03 06:22:41 Загрузка файла (check_upload): Ok
Connection to forms-rusrobotics-bitrix.test:80	Success

Успешно
2020-Feb-03 06:22:42 Загрузка файла больше 4Мб (check_upload_big): Ok
Connection to forms-rusrobotics-bitrix.test:80	Success

Успешно
2020-Feb-03 06:22:42 Загрузка файла через php://input (check_upload_raw): Ok
Connection to forms-rusrobotics-bitrix.test:80	Success

Успешно
2020-Feb-03 06:22:42 Передача POST запроса с большим числом параметров (check_post): Ok
Connection to forms-rusrobotics-bitrix.test:80	Success

Успешно
2020-Feb-03 06:22:43 Отправка почты (check_mail): Ok
Успешно
2020-Feb-03 06:22:43 Отправка почтового сообщения больше 64Кб (check_mail_big): Ok
Успешно
2020-Feb-03 06:22:44 Проверка на наличие неотправленных сообщений (check_mail_b_event): Ok
Успешно
2020-Feb-03 06:22:44 Внутреннее перенаправление (функция LocalRedirect) (check_localredirect): Ok
50% done
Connection to forms-rusrobotics-bitrix.test:80	Success

2020-Feb-03 06:22:44 Внутреннее перенаправление (функция LocalRedirect) (check_localredirect): Ok
Connection to forms-rusrobotics-bitrix.test:80	Success

Успешно
2020-Feb-03 06:22:44 Фактическое ограничение памяти (check_memory_limit): Ok
20% done
Connection to forms-rusrobotics-bitrix.test:80	Success

2020-Feb-03 06:22:44 Фактическое ограничение памяти (check_memory_limit): Ok
40% done
Connection to forms-rusrobotics-bitrix.test:80	Success

2020-Feb-03 06:22:45 Фактическое ограничение памяти (check_memory_limit): Ok
60% done
Connection to forms-rusrobotics-bitrix.test:80	Success

2020-Feb-03 06:22:45 Фактическое ограничение памяти (check_memory_limit): Ok
80% done
Connection to forms-rusrobotics-bitrix.test:80	Success

2020-Feb-03 06:22:45 Фактическое ограничение памяти (check_memory_limit): Ok
Connection to forms-rusrobotics-bitrix.test:80	Success

Не менее 256 М
2020-Feb-03 06:22:45 Работа с файлами кеша (check_cache): Ok
Успешно
2020-Feb-03 06:22:46 Доступ к серверу обновлений (check_update): Ok
Успешно
2020-Feb-03 06:22:47 HTTP авторизация (check_http_auth): Ok
Connection to forms-rusrobotics-bitrix.test:80	Success

Успешно
2020-Feb-03 06:22:47 Создание и запуск файла (check_exec): Ok
Connection to forms-rusrobotics-bitrix.test:80	Success

Успешно
2020-Feb-03 06:22:47 Функция getimagesize для swf (check_getimagesize): Ok
Успешно
2020-Feb-03 06:22:47 Версия MySQL-сервера (check_mysql_bug_version): Ok
Успешно
2020-Feb-03 06:22:49 Время на БД и веб-сервере (check_mysql_time): Ok
Успешно
2020-Feb-03 06:22:49 Режим работы MySQL (check_mysql_mode): Ok
Успешно
2020-Feb-03 06:22:49 Кодировка соединения (check_mysql_connection_charset): Ok
character_set_connection=utf8, collation_connection=utf8_unicode_ci, character_set_results=utf8
Успешно
2020-Feb-03 06:22:50 Кодировка базы данных (check_mysql_db_charset): Ok
CHARSET=utf8, COLLATION=utf8_unicode_ci
Успешно
2020-Feb-03 06:22:50 Кодировки таблиц в БД (check_mysql_table_charset): Ok
Успешно
2020-Feb-03 06:22:51 Структура базы данных (check_mysql_table_structure): Ok
0% done
2020-Feb-03 06:22:51 Структура базы данных (check_mysql_table_structure): Ok
3% done
2020-Feb-03 06:22:52 Структура базы данных (check_mysql_table_structure): Ok
7% done
2020-Feb-03 06:22:52 Структура базы данных (check_mysql_table_structure): Ok
11% done
2020-Feb-03 06:22:52 Структура базы данных (check_mysql_table_structure): Ok
15% done
2020-Feb-03 06:22:53 Структура базы данных (check_mysql_table_structure): Ok
19% done
2020-Feb-03 06:22:53 Структура базы данных (check_mysql_table_structure): Ok
23% done
2020-Feb-03 06:22:55 Структура базы данных (check_mysql_table_structure): Ok
26% done
2020-Feb-03 06:22:55 Структура базы данных (check_mysql_table_structure): Ok
30% done
2020-Feb-03 06:22:56 Структура базы данных (check_mysql_table_structure): Ok
34% done
2020-Feb-03 06:22:57 Структура базы данных (check_mysql_table_structure): Ok
38% done
2020-Feb-03 06:23:01 Структура базы данных (check_mysql_table_structure): Ok
42% done
2020-Feb-03 06:23:01 Структура базы данных (check_mysql_table_structure): Ok
46% done
2020-Feb-03 06:23:02 Структура базы данных (check_mysql_table_structure): Ok
50% done
2020-Feb-03 06:23:02 Структура базы данных (check_mysql_table_structure): Ok
53% done
2020-Feb-03 06:23:03 Структура базы данных (check_mysql_table_structure): Ok
57% done
2020-Feb-03 06:23:03 Структура базы данных (check_mysql_table_structure): Ok
61% done
2020-Feb-03 06:23:03 Структура базы данных (check_mysql_table_structure): Ok
65% done
2020-Feb-03 06:23:04 Структура базы данных (check_mysql_table_structure): Ok
69% done
2020-Feb-03 06:23:05 Структура базы данных (check_mysql_table_structure): Ok
73% done
2020-Feb-03 06:23:05 Структура базы данных (check_mysql_table_structure): Ok
76% done
2020-Feb-03 06:23:06 Структура базы данных (check_mysql_table_structure): Ok
80% done
2020-Feb-03 06:23:06 Структура базы данных (check_mysql_table_structure): Ok
84% done
2020-Feb-03 06:23:06 Структура базы данных (check_mysql_table_structure): Ok
88% done
2020-Feb-03 06:23:07 Структура базы данных (check_mysql_table_structure): Ok
92% done
2020-Feb-03 06:23:07 Структура базы данных (check_mysql_table_structure): Ok
96% done
2020-Feb-03 06:23:07 Структура базы данных (check_mysql_table_structure): Ok
Успешно
